[2025-12-13T17:38:43.707+0000] {local_task_job_runner.py:123} INFO - ::group::Pre task execution logs
[2025-12-13T17:38:43.717+0000] {taskinstance.py:2613} INFO - Dependencies all met for dep_context=non-requeueable deps ti=<TaskInstance: olist_data_pipeline.run_staging_models manual__2024-01-01T00:00:00-03:00 [queued]>
[2025-12-13T17:38:43.722+0000] {taskinstance.py:2613} INFO - Dependencies all met for dep_context=requeueable deps ti=<TaskInstance: olist_data_pipeline.run_staging_models manual__2024-01-01T00:00:00-03:00 [queued]>
[2025-12-13T17:38:43.723+0000] {taskinstance.py:2866} INFO - Starting attempt 2 of 3
[2025-12-13T17:38:43.736+0000] {taskinstance.py:2889} INFO - Executing <Task(BashOperator): run_staging_models> on 2024-01-01 03:00:00+00:00
[2025-12-13T17:38:43.739+0000] {standard_task_runner.py:72} INFO - Started process 79946 to run task
[2025-12-13T17:38:43.742+0000] {standard_task_runner.py:104} INFO - Running: ['airflow', 'tasks', 'run', 'olist_data_pipeline', 'run_staging_models', 'manual__2024-01-01T00:00:00-03:00', '--job-id', '2', '--raw', '--subdir', 'DAGS_FOLDER/olist_data_pipeline.py', '--cfg-path', '/tmp/tmp1xfl9_wt']
[2025-12-13T17:38:43.744+0000] {standard_task_runner.py:105} INFO - Job 2: Subtask run_staging_models
[2025-12-13T17:38:43.763+0000] {logging_mixin.py:190} WARNING - /home/eduardomizumoto/.pyenv/versions/3.12.8/lib/python3.12/site-packages/airflow/settings.py:209 DeprecationWarning: The sql_alchemy_conn option in [core] has been moved to the sql_alchemy_conn option in [database] - the old setting has been used, but please update your config.
[2025-12-13T17:38:43.785+0000] {task_command.py:467} INFO - Running <TaskInstance: olist_data_pipeline.run_staging_models manual__2024-01-01T00:00:00-03:00 [running]> on host olist-data-pipeline-2102.us-central1-a.c.olist-data-pipeline.internal
[2025-12-13T17:38:43.786+0000] {logging_mixin.py:190} WARNING - /home/eduardomizumoto/.pyenv/versions/3.12.8/lib/python3.12/site-packages/airflow/settings.py:470 DeprecationWarning: The sql_alchemy_conn option in [core] has been moved to the sql_alchemy_conn option in [database] - the old setting has been used, but please update your config.
[2025-12-13T17:38:43.838+0000] {taskinstance.py:3132} INFO - Exporting env vars: AIRFLOW_CTX_DAG_OWNER='data-team' AIRFLOW_CTX_DAG_ID='olist_data_pipeline' AIRFLOW_CTX_TASK_ID='run_staging_models' AIRFLOW_CTX_EXECUTION_DATE='2024-01-01T03:00:00+00:00' AIRFLOW_CTX_TRY_NUMBER='2' AIRFLOW_CTX_DAG_RUN_ID='manual__2024-01-01T00:00:00-03:00'
[2025-12-13T17:38:43.839+0000] {taskinstance.py:731} INFO - ::endgroup::
[2025-12-13T17:38:43.856+0000] {subprocess.py:78} INFO - Tmp dir root location: /tmp
[2025-12-13T17:38:43.856+0000] {subprocess.py:88} INFO - Running command: ['./bin/bash', '-c', '\n        cd /home/eduardomizumoto/code/ce-mizu/olist-data-pipeline-2102/dbt &&\n        dbt run --select staging --profiles-dir /home/eduardomizumoto/code/ce-mizu/olist-data-pipeline-2102/dbt --vars \'{"batch_hours": 1}\'\n    ']
[2025-12-13T17:38:43.864+0000] {taskinstance.py:3311} ERROR - Task failed with exception
Traceback (most recent call last):
  File "/home/eduardomizumoto/.pyenv/versions/3.12.8/lib/python3.12/site-packages/airflow/models/taskinstance.py", line 767, in _execute_task
    result = _execute_callable(context=context, **execute_callable_kwargs)
             ^^^^^^^^^^^^^^^^^^^^^^^^^^^^^^^^^^^^^^^^^^^^^^^^^^^^^^^^^^^^^
  File "/home/eduardomizumoto/.pyenv/versions/3.12.8/lib/python3.12/site-packages/airflow/models/taskinstance.py", line 733, in _execute_callable
    return ExecutionCallableRunner(
           ^^^^^^^^^^^^^^^^^^^^^^^^
  File "/home/eduardomizumoto/.pyenv/versions/3.12.8/lib/python3.12/site-packages/airflow/utils/operator_helpers.py", line 252, in run
    return self.func(*args, **kwargs)
           ^^^^^^^^^^^^^^^^^^^^^^^^^^
  File "/home/eduardomizumoto/.pyenv/versions/3.12.8/lib/python3.12/site-packages/airflow/models/baseoperator.py", line 422, in wrapper
    return func(self, *args, **kwargs)
           ^^^^^^^^^^^^^^^^^^^^^^^^^^^
  File "/home/eduardomizumoto/.pyenv/versions/3.12.8/lib/python3.12/site-packages/airflow/operators/bash.py", line 257, in execute
    result = self._run_inline_command(bash_path=bash_path, env=env)
             ^^^^^^^^^^^^^^^^^^^^^^^^^^^^^^^^^^^^^^^^^^^^^^^^^^^^^^
  File "/home/eduardomizumoto/.pyenv/versions/3.12.8/lib/python3.12/site-packages/airflow/operators/bash.py", line 284, in _run_inline_command
    return self.subprocess_hook.run_command(
           ^^^^^^^^^^^^^^^^^^^^^^^^^^^^^^^^^
  File "/home/eduardomizumoto/.pyenv/versions/3.12.8/lib/python3.12/site-packages/airflow/hooks/subprocess.py", line 90, in run_command
    self.sub_process = Popen(
                       ^^^^^^
  File "/home/eduardomizumoto/.pyenv/versions/3.12.8/lib/python3.12/subprocess.py", line 1026, in __init__
    self._execute_child(args, executable, preexec_fn, close_fds,
  File "/home/eduardomizumoto/.pyenv/versions/3.12.8/lib/python3.12/subprocess.py", line 1955, in _execute_child
    raise child_exception_type(errno_num, err_msg, err_filename)
FileNotFoundError: [Errno 2] No such file or directory: './bin/bash'
[2025-12-13T17:38:43.877+0000] {taskinstance.py:1225} INFO - Marking task as UP_FOR_RETRY. dag_id=olist_data_pipeline, task_id=run_staging_models, run_id=manual__2024-01-01T00:00:00-03:00, execution_date=20240101T030000, start_date=20251213T173843, end_date=20251213T173843
[2025-12-13T17:38:43.892+0000] {taskinstance.py:340} INFO - ::group::Post task execution logs
[2025-12-13T17:38:43.892+0000] {standard_task_runner.py:124} ERROR - Failed to execute job 2 for task run_staging_models ([Errno 2] No such file or directory: './bin/bash'; 79946)
Traceback (most recent call last):
  File "/home/eduardomizumoto/.pyenv/versions/3.12.8/lib/python3.12/site-packages/airflow/task/task_runner/standard_task_runner.py", line 117, in _start_by_fork
    ret = args.func(args, dag=self.dag)
          ^^^^^^^^^^^^^^^^^^^^^^^^^^^^^
  File "/home/eduardomizumoto/.pyenv/versions/3.12.8/lib/python3.12/site-packages/airflow/cli/cli_config.py", line 49, in command
    return func(*args, **kwargs)
           ^^^^^^^^^^^^^^^^^^^^^
  File "/home/eduardomizumoto/.pyenv/versions/3.12.8/lib/python3.12/site-packages/airflow/utils/cli.py", line 116, in wrapper
    return f(*args, **kwargs)
           ^^^^^^^^^^^^^^^^^^
  File "/home/eduardomizumoto/.pyenv/versions/3.12.8/lib/python3.12/site-packages/airflow/cli/commands/task_command.py", line 483, in task_run
    task_return_code = _run_task_by_selected_method(args, _dag, ti)
                       ^^^^^^^^^^^^^^^^^^^^^^^^^^^^^^^^^^^^^^^^^^^^
  File "/home/eduardomizumoto/.pyenv/versions/3.12.8/lib/python3.12/site-packages/airflow/cli/commands/task_command.py", line 256, in _run_task_by_selected_method
    return _run_raw_task(args, ti)
           ^^^^^^^^^^^^^^^^^^^^^^^
  File "/home/eduardomizumoto/.pyenv/versions/3.12.8/lib/python3.12/site-packages/airflow/cli/commands/task_command.py", line 341, in _run_raw_task
    return ti._run_raw_task(
           ^^^^^^^^^^^^^^^^^
  File "/home/eduardomizumoto/.pyenv/versions/3.12.8/lib/python3.12/site-packages/airflow/utils/session.py", line 97, in wrapper
    return func(*args, session=session, **kwargs)
           ^^^^^^^^^^^^^^^^^^^^^^^^^^^^^^^^^^^^^^
  File "/home/eduardomizumoto/.pyenv/versions/3.12.8/lib/python3.12/site-packages/airflow/models/taskinstance.py", line 3005, in _run_raw_task
    return _run_raw_task(
           ^^^^^^^^^^^^^^
  File "/home/eduardomizumoto/.pyenv/versions/3.12.8/lib/python3.12/site-packages/airflow/models/taskinstance.py", line 273, in _run_raw_task
    TaskInstance._execute_task_with_callbacks(
  File "/home/eduardomizumoto/.pyenv/versions/3.12.8/lib/python3.12/site-packages/airflow/models/taskinstance.py", line 3159, in _execute_task_with_callbacks
    result = self._execute_task(context, task_orig)
             ^^^^^^^^^^^^^^^^^^^^^^^^^^^^^^^^^^^^^^
  File "/home/eduardomizumoto/.pyenv/versions/3.12.8/lib/python3.12/site-packages/airflow/models/taskinstance.py", line 3183, in _execute_task
    return _execute_task(self, context, task_orig)
           ^^^^^^^^^^^^^^^^^^^^^^^^^^^^^^^^^^^^^^^
  File "/home/eduardomizumoto/.pyenv/versions/3.12.8/lib/python3.12/site-packages/airflow/models/taskinstance.py", line 767, in _execute_task
    result = _execute_callable(context=context, **execute_callable_kwargs)
             ^^^^^^^^^^^^^^^^^^^^^^^^^^^^^^^^^^^^^^^^^^^^^^^^^^^^^^^^^^^^^
  File "/home/eduardomizumoto/.pyenv/versions/3.12.8/lib/python3.12/site-packages/airflow/models/taskinstance.py", line 733, in _execute_callable
    return ExecutionCallableRunner(
           ^^^^^^^^^^^^^^^^^^^^^^^^
  File "/home/eduardomizumoto/.pyenv/versions/3.12.8/lib/python3.12/site-packages/airflow/utils/operator_helpers.py", line 252, in run
    return self.func(*args, **kwargs)
           ^^^^^^^^^^^^^^^^^^^^^^^^^^
  File "/home/eduardomizumoto/.pyenv/versions/3.12.8/lib/python3.12/site-packages/airflow/models/baseoperator.py", line 422, in wrapper
    return func(self, *args, **kwargs)
           ^^^^^^^^^^^^^^^^^^^^^^^^^^^
  File "/home/eduardomizumoto/.pyenv/versions/3.12.8/lib/python3.12/site-packages/airflow/operators/bash.py", line 257, in execute
    result = self._run_inline_command(bash_path=bash_path, env=env)
             ^^^^^^^^^^^^^^^^^^^^^^^^^^^^^^^^^^^^^^^^^^^^^^^^^^^^^^
  File "/home/eduardomizumoto/.pyenv/versions/3.12.8/lib/python3.12/site-packages/airflow/operators/bash.py", line 284, in _run_inline_command
    return self.subprocess_hook.run_command(
           ^^^^^^^^^^^^^^^^^^^^^^^^^^^^^^^^^
  File "/home/eduardomizumoto/.pyenv/versions/3.12.8/lib/python3.12/site-packages/airflow/hooks/subprocess.py", line 90, in run_command
    self.sub_process = Popen(
                       ^^^^^^
  File "/home/eduardomizumoto/.pyenv/versions/3.12.8/lib/python3.12/subprocess.py", line 1026, in __init__
    self._execute_child(args, executable, preexec_fn, close_fds,
  File "/home/eduardomizumoto/.pyenv/versions/3.12.8/lib/python3.12/subprocess.py", line 1955, in _execute_child
    raise child_exception_type(errno_num, err_msg, err_filename)
FileNotFoundError: [Errno 2] No such file or directory: './bin/bash'
[2025-12-13T17:38:43.915+0000] {local_task_job_runner.py:266} INFO - Task exited with return code 1
[2025-12-13T17:38:43.931+0000] {taskinstance.py:3895} INFO - 0 downstream tasks scheduled from follow-on schedule check
[2025-12-13T17:38:43.932+0000] {local_task_job_runner.py:245} INFO - ::endgroup::
